build/app/intermediates/manifest_merge_blame_file/release/manifest-merger-blame-release-report.txt
1<?xml version="1.0" encoding="utf-8"?>
2<manifest xmlns:android="http://schemas.android.com/apk/res/android"
3    package="com.example.todo_dia"
4    android:versionCode="4001"
5    android:versionName="1.0.0" >
6
7    <uses-sdk
8        android:minSdkVersion="16"
8-->src/main/AndroidManifest.xml
9        android:targetSdkVersion="29" />
9-->src/main/AndroidManifest.xml
10
11    <uses-permission android:name="android.permission.RECEIVE_BOOT_COMPLETED" />
11-->[:flutter_local_notifications] AndroidManifest.xml:7:5-81
11-->[:flutter_local_notifications] AndroidManifest.xml:7:22-78
12    <uses-permission android:name="android.permission.VIBRATE" />
12-->[:flutter_local_notifications] AndroidManifest.xml:8:5-66
12-->[:flutter_local_notifications] AndroidManifest.xml:8:22-63
13    <uses-permission android:name="android.permission.USE_FULL_SCREEN_INTENT" />
13-->[:flutter_local_notifications] AndroidManifest.xml:9:5-81
13-->[:flutter_local_notifications] AndroidManifest.xml:9:22-78
14    <uses-permission android:name="android.permission.INTERNET" />
14-->[com.google.android.gms:play-services-measurement-api:18.0.0] AndroidManifest.xml:22:5-67
14-->[com.google.android.gms:play-services-measurement-api:18.0.0] AndroidManifest.xml:22:22-64
15    <uses-permission android:name="android.permission.ACCESS_NETWORK_STATE" />
15-->[com.google.android.gms:play-services-measurement-api:18.0.0] AndroidManifest.xml:23:5-79
15-->[com.google.android.gms:play-services-measurement-api:18.0.0] AndroidManifest.xml:23:22-76
16    <uses-permission android:name="android.permission.WAKE_LOCK" />
16-->[com.google.android.gms:play-services-measurement-api:18.0.0] AndroidManifest.xml:24:5-68
16-->[com.google.android.gms:play-services-measurement-api:18.0.0] AndroidManifest.xml:24:22-65
17    <uses-permission android:name="com.google.android.finsky.permission.BIND_GET_INSTALL_REFERRER_SERVICE" />
17-->[com.google.android.gms:play-services-measurement:18.0.0] AndroidManifest.xml:26:5-110
17-->[com.google.android.gms:play-services-measurement:18.0.0] AndroidManifest.xml:26:22-107
18
19    <application
19-->src/main/AndroidManifest.xml:3:4-43:19
20        android:name="androidx.multidex.MultiDexApplication"
21        android:appComponentFactory="androidx.core.app.CoreComponentFactory"
21-->[androidx.core:core:1.3.1] AndroidManifest.xml:24:18-86
22        android:icon="@mipmap/ic_launcher"
22-->src/main/AndroidManifest.xml:5:9-43
23        android:label="Versiculo Diario" >
23-->src/main/AndroidManifest.xml:4:9-41
24        <activity
24-->src/main/AndroidManifest.xml:6:9-37:20
25            android:name="com.example.todo_dia.MainActivity"
25-->src/main/AndroidManifest.xml:7:13-41
26            android:configChanges="orientation|keyboardHidden|keyboard|screenSize|smallestScreenSize|locale|layoutDirection|fontScale|screenLayout|density|uiMode"
26-->src/main/AndroidManifest.xml:10:13-163
27            android:hardwareAccelerated="true"
27-->src/main/AndroidManifest.xml:11:13-47
28            android:launchMode="singleTop"
28-->src/main/AndroidManifest.xml:8:13-43
29            android:showWhenLocked="true"
29-->src/main/AndroidManifest.xml:13:13-42
30            android:theme="@style/LaunchTheme"
30-->src/main/AndroidManifest.xml:9:13-47
31            android:turnScreenOn="true"
31-->src/main/AndroidManifest.xml:14:13-40
32            android:windowSoftInputMode="adjustResize" >
32-->src/main/AndroidManifest.xml:12:13-55
33
34            <!--
35                 Specifies an Android theme to apply to this Activity as soon as
36                 the Android process has started. This theme is visible to the user
37                 while the Flutter UI initializes. After that, this theme continues
38                 to determine the Window background behind the Flutter UI.
39            -->
40            <meta-data
40-->src/main/AndroidManifest.xml:20:13-23:17
41                android:name="io.flutter.embedding.android.NormalTheme"
41-->src/main/AndroidManifest.xml:21:15-70
42                android:resource="@style/NormalTheme" />
42-->src/main/AndroidManifest.xml:22:15-52
43            <!--
44                 Displays an Android View that continues showing the launch screen
45                 Drawable until Flutter paints its first frame, then this splash
46                 screen fades out. A splash screen is useful to avoid any visual
47                 gap between the end of Android's launch screen and the painting of
48                 Flutter's first frame.
49            -->
50            <meta-data
50-->src/main/AndroidManifest.xml:29:13-32:17
51                android:name="io.flutter.embedding.android.SplashScreenDrawable"
51-->src/main/AndroidManifest.xml:30:15-79
52                android:resource="@drawable/launch_background" />
52-->src/main/AndroidManifest.xml:31:15-61
53
54            <intent-filter>
54-->src/main/AndroidManifest.xml:33:13-36:29
55                <action android:name="android.intent.action.MAIN" />
55-->src/main/AndroidManifest.xml:34:17-68
55-->src/main/AndroidManifest.xml:34:25-66
56
57                <category android:name="android.intent.category.LAUNCHER" />
57-->src/main/AndroidManifest.xml:35:17-76
57-->src/main/AndroidManifest.xml:35:27-74
58            </intent-filter>
59        </activity>
60        <!--
61             Don't delete the meta-data below.
62             This is used by the Flutter tool to generate GeneratedPluginRegistrant.java
63        -->
64        <meta-data
64-->src/main/AndroidManifest.xml:40:9-42:33
65            android:name="flutterEmbedding"
65-->src/main/AndroidManifest.xml:41:13-44
66            android:value="2" />
66-->src/main/AndroidManifest.xml:42:13-30
67
68        <service
68-->[com.google.firebase:firebase-analytics-ktx:18.0.0] AndroidManifest.xml:8:9-14:19
69            android:name="com.google.firebase.components.ComponentDiscoveryService"
69-->[com.google.firebase:firebase-analytics-ktx:18.0.0] AndroidManifest.xml:9:13-84
70            android:directBootAware="true"
70-->[com.google.firebase:firebase-common:19.4.0] AndroidManifest.xml:35:13-43
71            android:exported="false" >
71-->[com.google.firebase:firebase-analytics-ktx:18.0.0] AndroidManifest.xml:10:13-37
72            <meta-data
72-->[com.google.firebase:firebase-analytics-ktx:18.0.0] AndroidManifest.xml:11:13-13:85
73                android:name="com.google.firebase.components:com.google.firebase.analytics.ktx.FirebaseAnalyticsKtxRegistrar"
73-->[com.google.firebase:firebase-analytics-ktx:18.0.0] AndroidManifest.xml:12:17-126
74                android:value="com.google.firebase.components.ComponentRegistrar" />
74-->[com.google.firebase:firebase-analytics-ktx:18.0.0] AndroidManifest.xml:13:17-82
75            <meta-data
75-->[com.google.firebase:firebase-common-ktx:19.4.0] AndroidManifest.xml:15:13-17:85
76                android:name="com.google.firebase.components:com.google.firebase.ktx.FirebaseCommonKtxRegistrar"
76-->[com.google.firebase:firebase-common-ktx:19.4.0] AndroidManifest.xml:16:17-113
77                android:value="com.google.firebase.components.ComponentRegistrar" />
77-->[com.google.firebase:firebase-common-ktx:19.4.0] AndroidManifest.xml:17:17-82
78            <meta-data
78-->[com.google.android.gms:play-services-measurement-api:18.0.0] AndroidManifest.xml:30:13-32:85
79                android:name="com.google.firebase.components:com.google.firebase.analytics.connector.internal.AnalyticsConnectorRegistrar"
79-->[com.google.android.gms:play-services-measurement-api:18.0.0] AndroidManifest.xml:31:17-139
80                android:value="com.google.firebase.components.ComponentRegistrar" />
80-->[com.google.android.gms:play-services-measurement-api:18.0.0] AndroidManifest.xml:32:17-82
81            <meta-data
81-->[com.google.firebase:firebase-installations:16.3.4] AndroidManifest.xml:18:13-20:85
82                android:name="com.google.firebase.components:com.google.firebase.installations.FirebaseInstallationsRegistrar"
82-->[com.google.firebase:firebase-installations:16.3.4] AndroidManifest.xml:19:17-127
83                android:value="com.google.firebase.components.ComponentRegistrar" />
83-->[com.google.firebase:firebase-installations:16.3.4] AndroidManifest.xml:20:17-82
84        </service>
85
86        <activity
86-->[:url_launcher] AndroidManifest.xml:8:9-11:74
87            android:name="io.flutter.plugins.urllauncher.WebViewActivity"
87-->[:url_launcher] AndroidManifest.xml:9:13-74
88            android:exported="false"
88-->[:url_launcher] AndroidManifest.xml:10:13-37
89            android:theme="@android:style/Theme.NoTitleBar.Fullscreen" />
89-->[:url_launcher] AndroidManifest.xml:11:13-71
90
91        <receiver android:name="com.dexterous.flutterlocalnotifications.ScheduledNotificationReceiver" />
91-->[:flutter_local_notifications] AndroidManifest.xml:12:9-106
91-->[:flutter_local_notifications] AndroidManifest.xml:12:19-103
92        <receiver android:name="com.dexterous.flutterlocalnotifications.ScheduledNotificationBootReceiver" >
92-->[:flutter_local_notifications] AndroidManifest.xml:13:9-20:20
92-->[:flutter_local_notifications] AndroidManifest.xml:13:19-107
93            <intent-filter>
93-->[:flutter_local_notifications] AndroidManifest.xml:14:13-19:29
94                <action android:name="android.intent.action.BOOT_COMPLETED" />
94-->[:flutter_local_notifications] AndroidManifest.xml:15:17-79
94-->[:flutter_local_notifications] AndroidManifest.xml:15:25-76
95                <action android:name="android.intent.action.MY_PACKAGE_REPLACED" />
95-->[:flutter_local_notifications] AndroidManifest.xml:16:17-84
95-->[:flutter_local_notifications] AndroidManifest.xml:16:25-81
96                <action android:name="android.intent.action.QUICKBOOT_POWERON" />
96-->[:flutter_local_notifications] AndroidManifest.xml:17:17-82
96-->[:flutter_local_notifications] AndroidManifest.xml:17:25-79
97                <action android:name="com.htc.intent.action.QUICKBOOT_POWERON" />
97-->[:flutter_local_notifications] AndroidManifest.xml:18:17-82
97-->[:flutter_local_notifications] AndroidManifest.xml:18:25-79
98            </intent-filter>
99        </receiver>
100
101        <provider
101-->[:share] AndroidManifest.xml:8:9-16:20
102            android:name="io.flutter.plugins.share.ShareFileProvider"
102-->[:share] AndroidManifest.xml:9:13-70
103            android:authorities="com.example.todo_dia.flutter.share_provider"
103-->[:share] AndroidManifest.xml:10:13-74
104            android:exported="false"
104-->[:share] AndroidManifest.xml:11:13-37
105            android:grantUriPermissions="true" >
105-->[:share] AndroidManifest.xml:12:13-47
106            <meta-data
106-->[:share] AndroidManifest.xml:13:13-15:68
107                android:name="android.support.FILE_PROVIDER_PATHS"
107-->[:share] AndroidManifest.xml:14:17-67
108                android:resource="@xml/flutter_share_file_paths" />
108-->[:share] AndroidManifest.xml:15:17-65
109        </provider>
110        <provider
110-->[com.google.firebase:firebase-common:19.4.0] AndroidManifest.xml:26:9-31:39
111            android:name="com.google.firebase.provider.FirebaseInitProvider"
111-->[com.google.firebase:firebase-common:19.4.0] AndroidManifest.xml:27:13-77
112            android:authorities="com.example.todo_dia.firebaseinitprovider"
112-->[com.google.firebase:firebase-common:19.4.0] AndroidManifest.xml:28:13-72
113            android:directBootAware="true"
113-->[com.google.firebase:firebase-common:19.4.0] AndroidManifest.xml:29:13-43
114            android:exported="false"
114-->[com.google.firebase:firebase-common:19.4.0] AndroidManifest.xml:30:13-37
115            android:initOrder="100" />
115-->[com.google.firebase:firebase-common:19.4.0] AndroidManifest.xml:31:13-36
116
117        <receiver
117-->[com.google.android.gms:play-services-measurement:18.0.0] AndroidManifest.xml:29:9-33:20
118            android:name="com.google.android.gms.measurement.AppMeasurementReceiver"
118-->[com.google.android.gms:play-services-measurement:18.0.0] AndroidManifest.xml:30:13-85
119            android:enabled="true"
119-->[com.google.android.gms:play-services-measurement:18.0.0] AndroidManifest.xml:31:13-35
120            android:exported="false" >
120-->[com.google.android.gms:play-services-measurement:18.0.0] AndroidManifest.xml:32:13-37
121        </receiver>
122
123        <service
123-->[com.google.android.gms:play-services-measurement:18.0.0] AndroidManifest.xml:35:9-38:40
124            android:name="com.google.android.gms.measurement.AppMeasurementService"
124-->[com.google.android.gms:play-services-measurement:18.0.0] AndroidManifest.xml:36:13-84
125            android:enabled="true"
125-->[com.google.android.gms:play-services-measurement:18.0.0] AndroidManifest.xml:37:13-35
126            android:exported="false" />
126-->[com.google.android.gms:play-services-measurement:18.0.0] AndroidManifest.xml:38:13-37
127        <service
127-->[com.google.android.gms:play-services-measurement:18.0.0] AndroidManifest.xml:39:9-43:72
128            android:name="com.google.android.gms.measurement.AppMeasurementJobService"
128-->[com.google.android.gms:play-services-measurement:18.0.0] AndroidManifest.xml:40:13-87
129            android:enabled="true"
129-->[com.google.android.gms:play-services-measurement:18.0.0] AndroidManifest.xml:41:13-35
130            android:exported="false"
130-->[com.google.android.gms:play-services-measurement:18.0.0] AndroidManifest.xml:42:13-37
131            android:permission="android.permission.BIND_JOB_SERVICE" />
131-->[com.google.android.gms:play-services-measurement:18.0.0] AndroidManifest.xml:43:13-69
132
133        <meta-data
133-->[com.google.android.gms:play-services-basement:17.0.0] AndroidManifest.xml:23:9-25:69
134            android:name="com.google.android.gms.version"
134-->[com.google.android.gms:play-services-basement:17.0.0] AndroidManifest.xml:24:13-58
135            android:value="@integer/google_play_services_version" />
135-->[com.google.android.gms:play-services-basement:17.0.0] AndroidManifest.xml:25:13-66
136    </application>
137
138</manifest>